<?xml version="1.0" encoding="UTF-8"?>
<!-- Generated by org.testng.reporters.JUnitXMLReporter -->
<testsuite ignored="0" hostname="Collab" failures="0" tests="9" name="Default test" time="156.966" errors="0" timestamp="2025-05-14T00:33:58 IST">
  <testcase classname="Scary.Testing.TestCases" name="Createdoc" time="55.935"/>
  <testcase classname="Scary.Testing.TestCases" name="CreateDocFromFile" time="21.872"/>
  <testcase classname="Scary.Testing.TestCases" name="MakeACopy" time="13.885"/>
  <testcase classname="Scary.Testing.TestCases" name="TextEntering" time="0.516"/>
  <testcase classname="Scary.Testing.TestCases" name="InsertDrawing" time="22.946"/>
  <testcase classname="Scary.Testing.TestCases" name="comment" time="17.604"/>
  <testcase classname="Scary.Testing.TestCases" name="InsertHorizontalLine" time="7.607"/>
  <testcase classname="Scary.Testing.TestCases" name="InsertSpecialCharacter" time="15.508"/>
  <testcase classname="Scary.Testing.TestCases" name="SuggestionMode" time="1.006"/>
</testsuite> <!-- Default test -->
