<?xml version="1.0" encoding="UTF-8"?>
<!-- Generated by org.testng.reporters.JUnitXMLReporter -->
<testsuite ignored="0" hostname="Collab" failures="0" tests="9" name="Test" time="156.215" errors="0" timestamp="2025-05-14T10:41:57 IST">
  <testcase classname="Scary.Testing.TestCases" name="Createdoc" time="44.407"/>
  <testcase classname="Scary.Testing.TestCases" name="CreateDocFromFile" time="23.744"/>
  <testcase classname="Scary.Testing.TestCases" name="MakeACopy" time="14.742"/>
  <testcase classname="Scary.Testing.TestCases" name="TextEntering" time="0.877"/>
  <testcase classname="Scary.Testing.TestCases" name="InsertDrawing" time="23.489"/>
  <testcase classname="Scary.Testing.TestCases" name="comment" time="22.64"/>
  <testcase classname="Scary.Testing.TestCases" name="InsertHorizontalLine" time="8.106"/>
  <testcase classname="Scary.Testing.TestCases" name="InsertSpecialCharacter" time="16.27"/>
  <testcase classname="Scary.Testing.TestCases" name="SuggestionMode" time="1.743"/>
</testsuite> <!-- Test -->
