<?xml version="1.0" encoding="UTF-8"?>
<testng-results ignored="0" total="10" passed="10" failed="0" skipped="0">
  <reporter-output>
  </reporter-output>
  <suite started-at="2025-05-19T11:55:06 IST" name="Default suite" finished-at="2025-05-19T11:58:42 IST" duration-ms="216102">
    <groups>
    </groups>
    <test started-at="2025-05-19T11:55:06 IST" name="Default test" finished-at="2025-05-19T11:58:42 IST" duration-ms="216102">
      <class name="Scary.Testing.TestCases">
        <test-method is-config="true" signature="SignIn()[pri:0, instance:Scary.Testing.TestCases@616fe72b]" started-at="2025-05-19T11:54:58 IST" name="SignIn" finished-at="2025-05-19T11:55:06 IST" duration-ms="7425" status="PASS">
          <reporter-output>
          </reporter-output>
        </test-method> <!-- SignIn -->
        <test-method signature="Createdoc()[pri:1, instance:Scary.Testing.TestCases@616fe72b]" started-at="2025-05-19T11:55:06 IST" name="Createdoc" finished-at="2025-05-19T11:56:05 IST" duration-ms="58820" status="PASS">
          <reporter-output>
          </reporter-output>
        </test-method> <!-- Createdoc -->
        <test-method signature="CreateDocFromFile()[pri:2, instance:Scary.Testing.TestCases@616fe72b]" started-at="2025-05-19T11:56:05 IST" name="CreateDocFromFile" finished-at="2025-05-19T11:56:35 IST" depends-on-methods="Scary.Testing.TestCases.Createdoc" duration-ms="30396" status="PASS">
          <reporter-output>
          </reporter-output>
        </test-method> <!-- CreateDocFromFile -->
        <test-method signature="MakeACopy()[pri:3, instance:Scary.Testing.TestCases@616fe72b]" started-at="2025-05-19T11:56:35 IST" name="MakeACopy" finished-at="2025-05-19T11:56:52 IST" depends-on-methods="Scary.Testing.TestCases.Createdoc" duration-ms="17288" status="PASS">
          <reporter-output>
          </reporter-output>
        </test-method> <!-- MakeACopy -->
        <test-method signature="TextEntering()[pri:4, instance:Scary.Testing.TestCases@616fe72b]" started-at="2025-05-19T11:56:52 IST" name="TextEntering" finished-at="2025-05-19T11:56:56 IST" depends-on-methods="Scary.Testing.TestCases.Createdoc" duration-ms="3857" status="PASS">
          <reporter-output>
          </reporter-output>
        </test-method> <!-- TextEntering -->
        <test-method signature="InsertDrawing()[pri:5, instance:Scary.Testing.TestCases@616fe72b]" started-at="2025-05-19T11:56:56 IST" name="InsertDrawing" finished-at="2025-05-19T11:57:24 IST" depends-on-methods="Scary.Testing.TestCases.Createdoc" duration-ms="28049" status="PASS">
          <reporter-output>
          </reporter-output>
        </test-method> <!-- InsertDrawing -->
        <test-method signature="comment()[pri:6, instance:Scary.Testing.TestCases@616fe72b]" started-at="2025-05-19T11:57:24 IST" name="comment" finished-at="2025-05-19T11:57:50 IST" duration-ms="26027" status="PASS">
          <reporter-output>
          </reporter-output>
        </test-method> <!-- comment -->
        <test-method signature="InsertHorizontalLine()[pri:7, instance:Scary.Testing.TestCases@616fe72b]" started-at="2025-05-19T11:57:50 IST" name="InsertHorizontalLine" finished-at="2025-05-19T11:58:01 IST" duration-ms="10342" status="PASS">
          <reporter-output>
          </reporter-output>
        </test-method> <!-- InsertHorizontalLine -->
        <test-method signature="InsertSpecialCharacter()[pri:8, instance:Scary.Testing.TestCases@616fe72b]" started-at="2025-05-19T11:58:01 IST" name="InsertSpecialCharacter" finished-at="2025-05-19T11:58:20 IST" duration-ms="19070" status="PASS">
          <reporter-output>
          </reporter-output>
        </test-method> <!-- InsertSpecialCharacter -->
        <test-method signature="SuggestionMode()[pri:9, instance:Scary.Testing.TestCases@616fe72b]" started-at="2025-05-19T11:58:20 IST" name="SuggestionMode" finished-at="2025-05-19T11:58:30 IST" duration-ms="10020" status="PASS">
          <reporter-output>
          </reporter-output>
        </test-method> <!-- SuggestionMode -->
        <test-method signature="InsertImage()[pri:10, instance:Scary.Testing.TestCases@616fe72b]" started-at="2025-05-19T11:58:30 IST" name="InsertImage" finished-at="2025-05-19T11:58:42 IST" duration-ms="11957" status="PASS">
          <reporter-output>
          </reporter-output>
        </test-method> <!-- InsertImage -->
      </class> <!-- Scary.Testing.TestCases -->
    </test> <!-- Default test -->
  </suite> <!-- Default suite -->
</testng-results>
