<?xml version="1.0" encoding="UTF-8"?>
<testng-results ignored="0" total="9" passed="9" failed="0" skipped="0">
  <reporter-output>
  </reporter-output>
  <suite started-at="2025-05-14T10:39:21 IST" name="Suite" finished-at="2025-05-14T10:41:57 IST" duration-ms="156215">
    <groups>
    </groups>
    <test started-at="2025-05-14T10:39:21 IST" name="Test" finished-at="2025-05-14T10:41:57 IST" duration-ms="156215">
      <class name="Scary.Testing.TestCases">
        <test-method is-config="true" signature="SignIn()[pri:0, instance:Scary.Testing.TestCases@616fe72b]" started-at="2025-05-14T10:39:08 IST" name="SignIn" finished-at="2025-05-14T10:39:21 IST" duration-ms="13254" status="PASS">
          <reporter-output>
          </reporter-output>
        </test-method> <!-- SignIn -->
        <test-method signature="Createdoc()[pri:1, instance:Scary.Testing.TestCases@616fe72b]" started-at="2025-05-14T10:39:21 IST" name="Createdoc" finished-at="2025-05-14T10:40:06 IST" duration-ms="44407" status="PASS">
          <reporter-output>
          </reporter-output>
        </test-method> <!-- Createdoc -->
        <test-method signature="CreateDocFromFile()[pri:2, instance:Scary.Testing.TestCases@616fe72b]" started-at="2025-05-14T10:40:06 IST" name="CreateDocFromFile" finished-at="2025-05-14T10:40:29 IST" depends-on-methods="Scary.Testing.TestCases.Createdoc" duration-ms="23744" status="PASS">
          <reporter-output>
          </reporter-output>
        </test-method> <!-- CreateDocFromFile -->
        <test-method signature="MakeACopy()[pri:3, instance:Scary.Testing.TestCases@616fe72b]" started-at="2025-05-14T10:40:29 IST" name="MakeACopy" finished-at="2025-05-14T10:40:44 IST" depends-on-methods="Scary.Testing.TestCases.Createdoc" duration-ms="14742" status="PASS">
          <reporter-output>
          </reporter-output>
        </test-method> <!-- MakeACopy -->
        <test-method signature="TextEntering()[pri:4, instance:Scary.Testing.TestCases@616fe72b]" started-at="2025-05-14T10:40:44 IST" name="TextEntering" finished-at="2025-05-14T10:40:45 IST" depends-on-methods="Scary.Testing.TestCases.Createdoc" duration-ms="877" status="PASS">
          <reporter-output>
          </reporter-output>
        </test-method> <!-- TextEntering -->
        <test-method signature="InsertDrawing()[pri:5, instance:Scary.Testing.TestCases@616fe72b]" started-at="2025-05-14T10:40:45 IST" name="InsertDrawing" finished-at="2025-05-14T10:41:09 IST" depends-on-methods="Scary.Testing.TestCases.Createdoc" duration-ms="23489" status="PASS">
          <reporter-output>
          </reporter-output>
        </test-method> <!-- InsertDrawing -->
        <test-method signature="comment()[pri:6, instance:Scary.Testing.TestCases@616fe72b]" started-at="2025-05-14T10:41:09 IST" name="comment" finished-at="2025-05-14T10:41:31 IST" duration-ms="22640" status="PASS">
          <reporter-output>
          </reporter-output>
        </test-method> <!-- comment -->
        <test-method signature="InsertHorizontalLine()[pri:7, instance:Scary.Testing.TestCases@616fe72b]" started-at="2025-05-14T10:41:31 IST" name="InsertHorizontalLine" finished-at="2025-05-14T10:41:39 IST" duration-ms="8106" status="PASS">
          <reporter-output>
          </reporter-output>
        </test-method> <!-- InsertHorizontalLine -->
        <test-method signature="InsertSpecialCharacter()[pri:8, instance:Scary.Testing.TestCases@616fe72b]" started-at="2025-05-14T10:41:39 IST" name="InsertSpecialCharacter" finished-at="2025-05-14T10:41:56 IST" duration-ms="16270" status="PASS">
          <reporter-output>
          </reporter-output>
        </test-method> <!-- InsertSpecialCharacter -->
        <test-method signature="SuggestionMode()[pri:9, instance:Scary.Testing.TestCases@616fe72b]" started-at="2025-05-14T10:41:56 IST" name="SuggestionMode" finished-at="2025-05-14T10:41:57 IST" duration-ms="1743" status="PASS">
          <reporter-output>
          </reporter-output>
        </test-method> <!-- SuggestionMode -->
      </class> <!-- Scary.Testing.TestCases -->
    </test> <!-- Test -->
  </suite> <!-- Suite -->
</testng-results>
